0 info it worked if it ends with ok
1 verbose cli [ '/usr/bin/nodejs', '/usr/bin/npm', 'install', '-g', 'heroku' ]
2 info using npm@1.4.21
3 info using node@v0.10.29
4 verbose cache add [ 'heroku', null ]
5 verbose cache add name=undefined spec="heroku" args=["heroku",null]
6 verbose parsed url { protocol: null,
6 verbose parsed url   slashes: null,
6 verbose parsed url   auth: null,
6 verbose parsed url   host: null,
6 verbose parsed url   port: null,
6 verbose parsed url   hostname: null,
6 verbose parsed url   hash: null,
6 verbose parsed url   search: null,
6 verbose parsed url   query: null,
6 verbose parsed url   pathname: 'heroku',
6 verbose parsed url   path: 'heroku',
6 verbose parsed url   href: 'heroku' }
7 silly lockFile 9aef5f5a-heroku heroku
8 verbose lock heroku /home/pi/.npm/9aef5f5a-heroku.lock
9 verbose tar pack [ '/home/pi/.npm/heroku/7.0.86/package.tgz', 'heroku' ]
10 verbose tarball /home/pi/.npm/heroku/7.0.86/package.tgz
11 verbose folder heroku
12 info prepublish heroku@7.0.86
13 silly lockFile 5ae52308-tar-heroku tar://heroku
14 verbose lock tar://heroku /home/pi/.npm/5ae52308-tar-heroku.lock
15 silly lockFile 28ee3fcf-pi-npm-heroku-7-0-86-package-tgz tar:///home/pi/.npm/heroku/7.0.86/package.tgz
16 verbose lock tar:///home/pi/.npm/heroku/7.0.86/package.tgz /home/pi/.npm/28ee3fcf-pi-npm-heroku-7-0-86-package-tgz.lock
17 silly lockFile 5ae52308-tar-heroku tar://heroku
18 silly lockFile 5ae52308-tar-heroku tar://heroku
19 silly lockFile 28ee3fcf-pi-npm-heroku-7-0-86-package-tgz tar:///home/pi/.npm/heroku/7.0.86/package.tgz
20 silly lockFile 28ee3fcf-pi-npm-heroku-7-0-86-package-tgz tar:///home/pi/.npm/heroku/7.0.86/package.tgz
21 silly lockFile 4282cf39-ome-pi-npm-heroku-7-0-86-package /home/pi/.npm/heroku/7.0.86/package
22 verbose lock /home/pi/.npm/heroku/7.0.86/package /home/pi/.npm/4282cf39-ome-pi-npm-heroku-7-0-86-package.lock
23 silly lockFile 4282cf39-ome-pi-npm-heroku-7-0-86-package /home/pi/.npm/heroku/7.0.86/package
24 silly lockFile 4282cf39-ome-pi-npm-heroku-7-0-86-package /home/pi/.npm/heroku/7.0.86/package
25 silly lockFile 9aef5f5a-heroku heroku
26 silly lockFile 9aef5f5a-heroku heroku
27 silly resolved [ { name: 'heroku',
27 silly resolved     description: 'CLI to interact with Heroku',
27 silly resolved     version: '7.0.86',
27 silly resolved     author: { name: 'Jeff Dickey @jdxcode' },
27 silly resolved     bin: { heroku: './bin/run' },
27 silly resolved     bugs: { url: 'https://github.com/heroku/cli/issues' },
27 silly resolved     dependencies:
27 silly resolved      { '@heroku-cli/color': '1.1.5',
27 silly resolved        '@heroku-cli/command': '8.1.23',
27 silly resolved        '@heroku-cli/plugin-addons': '1.2.31',
27 silly resolved        '@heroku-cli/plugin-apps': '2.5.10',
27 silly resolved        '@heroku-cli/plugin-auth': '0.6.0',
27 silly resolved        '@heroku-cli/plugin-build': '0.0.5',
27 silly resolved        '@heroku-cli/plugin-certs': '2.0.1',
27 silly resolved        '@heroku-cli/plugin-certs-v5': '^1.3.1',
27 silly resolved        '@heroku-cli/plugin-ci': '1.9.12',
27 silly resolved        '@heroku-cli/plugin-config': '1.3.1',
27 silly resolved        '@heroku-cli/plugin-container-registry': '4.4.19',
27 silly resolved        '@heroku-cli/plugin-git': '3.0.2',
27 silly resolved        '@heroku-cli/plugin-local': '5.1.25',
27 silly resolved        '@heroku-cli/plugin-oauth': '2.3.5',
27 silly resolved        '@heroku-cli/plugin-orgs': '1.8.2',
27 silly resolved        '@heroku-cli/plugin-pg': '2.10.0',
27 silly resolved        '@heroku-cli/plugin-pipelines': '2.5.9',
27 silly resolved        '@heroku-cli/plugin-ps': '1.0.3',
27 silly resolved        '@heroku-cli/plugin-ps-exec': '2.3.4',
27 silly resolved        '@heroku-cli/plugin-redis': '1.3.3',
27 silly resolved        '@heroku-cli/plugin-run': '3.8.10',
27 silly resolved        '@heroku-cli/plugin-spaces': '2.12.3',
27 silly resolved        '@heroku-cli/plugin-status': '5.0.10',
27 silly resolved        '@heroku-cli/plugin-webhooks': '1.2.0',
27 silly resolved        '@oclif/command': '1.4.32',
27 silly resolved        '@oclif/config': '1.6.27',
27 silly resolved        '@oclif/errors': '1.1.2',
27 silly resolved        '@oclif/plugin-commands': '^1.1.1',
27 silly resolved        '@oclif/plugin-help': '2.0.4',
27 silly resolved        '@oclif/plugin-legacy': '1.0.15',
27 silly resolved        '@oclif/plugin-not-found': '1.0.9',
27 silly resolved        '@oclif/plugin-plugins': '1.4.0',
27 silly resolved        '@oclif/plugin-update': '1.2.7',
27 silly resolved        '@oclif/plugin-warn-if-update-available': '1.3.9',
27 silly resolved        '@oclif/plugin-which': '1.0.1',
27 silly resolved        'cli-ux': '4.6.1',
27 silly resolved        debug: '3.1.0',
27 silly resolved        execa: '0.10.0',
27 silly resolved        'fs-extra': '6.0.1',
27 silly resolved        'http-call': '5.1.4',
27 silly resolved        'netrc-parser': '3.1.5',
27 silly resolved        semver: '5.5.0',
27 silly resolved        tslib: '1.9.2',
27 silly resolved        uuid: '3.2.1' },
27 silly resolved     devDependencies:
27 silly resolved      { '@oclif/dev-cli': '^1.13.30',
27 silly resolved        '@oclif/test': '^1.0.9',
27 silly resolved        '@oclif/tslint': '^1.1.2',
27 silly resolved        '@types/ansi-styles': '^3.2.0',
27 silly resolved        '@types/chai': '^4.1.3',
27 silly resolved        '@types/debug': '^0.0.30',
27 silly resolved        '@types/execa': '^0.9.0',
27 silly resolved        '@types/fs-extra': '^5.0.2',
27 silly resolved        '@types/glob': '^5.0.35',
27 silly resolved        '@types/lodash': '^4.14.109',
27 silly resolved        '@types/mocha': '^5.2.1',
27 silly resolved        '@types/nock': '^9.1.3',
27 silly resolved        '@types/node': '^10.3.0',
27 silly resolved        '@types/supports-color': '^5.3.0',
27 silly resolved        '@types/write-json-file': '^2.2.1',
27 silly resolved        'aws-sdk': '^2.250.1',
27 silly resolved        chai: '^4.1.2',
27 silly resolved        lodash: '^4.17.10',
27 silly resolved        mocha: '^5.2.0',
27 silly resolved        nock: '^9.3.0',
27 silly resolved        qqjs: '^0.3.10',
27 silly resolved        'read-pkg': '^3.0.0',
27 silly resolved        'ts-node': '^6.0.5',
27 silly resolved        tslint: '^5.10.0',
27 silly resolved        typescript: '^2.9.1' },
27 silly resolved     engineStrict: true,
27 silly resolved     engines: { node: '>=8.3.0' },
27 silly resolved     files: [ '/oclif.manifest.json', '/bin', '/lib', '/yarn.lock' ],
27 silly resolved     homepage: 'https://cli.heroku.com',
27 silly resolved     keywords: [ 'heroku', 'heroku-cli-plugin' ],
27 silly resolved     license: 'ISC',
27 silly resolved     main: 'lib/index.js',
27 silly resolved     oclif:
27 silly resolved      { commands: './lib/commands',
27 silly resolved        plugins: [Object],
27 silly resolved        bin: 'heroku',
27 silly resolved        dirname: 'heroku',
27 silly resolved        scope: 'heroku-cli',
27 silly resolved        npmRegistry: 'https://cli-npm.heroku.com',
27 silly resolved        macos: [Object],
27 silly resolved        topics: [Object],
27 silly resolved        hooks: [Object],
27 silly resolved        update: [Object] },
27 silly resolved     repository: { type: 'git', url: 'git://github.com/heroku/cli' },
27 silly resolved     scripts:
27 silly resolved      { build: 'rm -rf lib && tsc',
27 silly resolved        postpublish: 'rm -f oclif.manifest.json',
27 silly resolved        posttest: 'tsc -p test --noEmit && tslint -p test -t stylish',
27 silly resolved        prepack: 'yarn run build && oclif-dev manifest',
27 silly resolved        prepublishOnly: 'yarn run prepack',
27 silly resolved        test: 'mocha --forbid-only "test/**/*.test.ts"',
27 silly resolved        version: 'oclif-dev readme --multi && git add README.md docs' },
27 silly resolved     types: 'lib/index.d.ts',
27 silly resolved     readme: 'Heroku CLI\n==========\n\n![Heroku logo](https://d4yt8xl9b7in.cloudfront.net/assets/home/logotype-heroku.png)\n\n[![Greenkeeper badge](https://badges.greenkeeper.io/heroku/cli.svg)](https://greenkeeper.io/)\n[![Circle CI](https://circleci.com/gh/heroku/cli/tree/master.svg?style=svg)](https://circleci.com/gh/heroku/cli/tree/master)\n[![Build status](https://ci.appveyor.com/api/projects/status/ouee3b9d7jwkjcr1/branch/master?svg=true)](https://ci.appveyor.com/project/Heroku/cli/branch/master)\n[![CircleCI](https://circleci.com/gh/heroku/cli-macos-installer/tree/master.svg?style=svg&circle-token=90b3b4392dc1668e97108edabdfc2c6baddc3a17)](https://circleci.com/gh/heroku/cli-macos-installer/tree/master)\n[![Snap Status](https://build.snapcraft.io/badge/heroku/cli.svg)](https://build.snapcraft.io/user/heroku/cli)\n[![ISC License](https://img.shields.io/github/license/heroku/cli.svg)](https://github.com/heroku/cli/blob/master/LICENSE)\n[![homebrew](https://img.shields.io/homebrew/v/heroku.svg)](https://github.com/Homebrew/homebrew-core/blob/master/Formula/heroku.rb)\n[![npm](https://img.shields.io/npm/v/heroku.svg)](https://www.npmjs.com/package/heroku)\n\nThe Heroku CLI is used to manage Heroku apps from the command line. It is built using [oclif](https://oclif.io).\n\nFor more about Heroku see <https://www.heroku.com/home>\n\nTo get started see <https://devcenter.heroku.com/start>\n\nOverview\n========\n\nThis is the next generation Node-based Heroku CLI.  The goals of this project were to make plugins more flexible, remove Ruby as a runtime dependency, and make the CLI faster.\n\nIt has identical functionality to the old Ruby CLI. Under the hood, it is a modular CLI made up of node.js plugins.\n\nFor more on developing plugins, read [Developing CLI Plugins](https://devcenter.heroku.com/articles/developing-cli-plugins)\n\nIssues\n======\n\nFor problems directly related to the CLI, [add an issue on GitHub](https://github.com/heroku/cli/issues/new).\n\nFor other issues, [submit a support ticket](https://help.heroku.com/).\n\n[Contributors](https://github.com/heroku/cli/contributors)\n\n<!-- commands -->\n# Command Topics\n\n* [`heroku access`](docs/access.md) - manage user access to apps\n* [`heroku addons`](docs/addons.md) - tools and services for developing, extending, and operating your app\n* [`heroku apps`](docs/apps.md) - add yourself to an organization app\n* [`heroku auth`](docs/auth.md) - login with your Heroku credentials\n* [`heroku authorizations`](docs/authorizations.md) - OAuth authorizations\n* [`heroku buildpacks`](docs/buildpacks.md) - add new app buildpack, inserting into list of buildpacks if necessary\n* [`heroku certs`](docs/certs.md) - a topic for the ssl plugin\n* [`heroku ci`](docs/ci.md) - run an application test suite on Heroku\n* [`heroku clients`](docs/clients.md) - OAuth clients on the platform\n* [`heroku commands`](docs/commands.md) - list all the commands\n* [`heroku config`](docs/config.md) - interactively edit config vars\n* [`heroku container`](docs/container.md) - Use containers to build and deploy Heroku apps\n* [`heroku domains`](docs/domains.md) - add domain to an app\n* [`heroku drains`](docs/drains.md) - adds a log drain to an app\n* [`heroku dyno`](docs/dyno.md) - restart app dynos\n* [`heroku features`](docs/features.md) - disables an app feature\n* [`heroku git`](docs/git.md) - manage local git repository for app\n* [`heroku help`](docs/help.md) - display help for heroku\n* [`heroku keys`](docs/keys.md) - add an SSH key for a user\n* [`heroku labs`](docs/labs.md) - disables an experimental feature\n* [`heroku local`](docs/local.md) - run heroku app locally\n* [`heroku logs`](docs/logs.md) - display recent log output\n* [`heroku maintenance`](docs/maintenance.md) - display the current maintenance status of app\n* [`heroku members`](docs/members.md) - manage organization members\n* [`heroku notifications`](docs/notifications.md) - display notifications\n* [`heroku orgs`](docs/orgs.md) - manage organizations\n* [`heroku pg`](docs/pg.md) - manage postgresql databases\n* [`heroku pipelines`](docs/pipelines.md) - add this app to a pipeline\n* [`heroku plugins`](docs/plugins.md) - list installed plugins\n* [`heroku ps`](docs/ps.md) - Client tools for Heroku Exec\n* [`heroku psql`](docs/psql.md) - open a psql shell to the database\n* [`heroku redis`](docs/redis.md) - manage heroku redis instances\n* [`heroku regions`](docs/regions.md) - list available regions for deployment\n* [`heroku releases`](docs/releases.md) - display the releases for an app\n* [`heroku reviewapps`](docs/reviewapps.md) - disable review apps or settings on an existing pipeline\n* [`heroku run`](docs/run.md) - run a one-off process inside a Heroku dyno\n* [`heroku sessions`](docs/sessions.md) - OAuth sessions\n* [`heroku spaces`](docs/spaces.md) - manage heroku private spaces\n* [`heroku status`](docs/status.md) - status of the Heroku platform\n* [`heroku teams`](docs/teams.md) - manage teams\n* [`heroku update`](docs/update.md) - update the heroku CLI\n* [`heroku webhooks`](docs/webhooks.md) - setup HTTP notifications of app activity\n* [`heroku which`](docs/which.md) - show which plugin a command is in\n\n<!-- commandsstop -->\n',
27 silly resolved     readmeFilename: 'README.md',
27 silly resolved     _id: 'heroku@7.0.86',
27 silly resolved     _shasum: '06056a839bbf67c4e441de8080d61ad834fd4020',
27 silly resolved     _from: 'heroku' } ]
28 info install heroku@7.0.86 into /usr/local/lib
29 info installOne heroku@7.0.86
30 error notsup Unsupported
30 error notsup Not compatible with your version of node/npm: heroku@7.0.86
30 error notsup Required: {"node":">=8.3.0"}
30 error notsup Actual:   {"npm":"1.4.21","node":"0.10.29"}
31 error System Linux 4.9.70+
32 error command "/usr/bin/nodejs" "/usr/bin/npm" "install" "-g" "heroku"
33 error cwd /home/pi/heroku
34 error node -v v0.10.29
35 error npm -v 1.4.21
36 error code ENOTSUP
37 verbose exit [ 1, true ]
